<?xml version="1.0" encoding="UTF-8"?>
<testng-results ignored="0" total="1" passed="1" failed="0" skipped="0">
  <reporter-output>
  </reporter-output>
  <suite started-at="2023-10-12T15:36:50 IST" name="Default suite" finished-at="2023-10-12T15:37:11 IST" duration-ms="21452">
    <groups>
    </groups>
    <test started-at="2023-10-12T15:36:50 IST" name="Default test" finished-at="2023-10-12T15:37:11 IST" duration-ms="21452">
      <class name="scripts.testCase1">
        <test-method is-config="true" signature="openApp()[pri:0, instance:scripts.testCase1@49e53c76]" started-at="2023-10-12T15:36:50 IST" name="openApp" finished-at="2023-10-12T15:37:02 IST" duration-ms="12738" status="PASS">
          <reporter-output>
          </reporter-output>
        </test-method> <!-- openApp -->
        <test-method signature="tc1()[pri:0, instance:scripts.testCase1@49e53c76]" started-at="2023-10-12T15:37:02 IST" name="tc1" finished-at="2023-10-12T15:37:10 IST" duration-ms="7936" status="PASS">
          <reporter-output>
          </reporter-output>
        </test-method> <!-- tc1 -->
        <test-method is-config="true" signature="closeApp(org.testng.ITestResult)[pri:0, instance:scripts.testCase1@49e53c76]" started-at="2023-10-12T15:37:10 IST" name="closeApp" finished-at="2023-10-12T15:37:11 IST" duration-ms="695" status="PASS">
          <params>
            <param index="0">
              <value>
                <![CDATA[[TestResult name=tc1 status=SUCCESS method=testCase1.tc1()[pri:0, instance:scripts.testCase1@49e53c76] output={null}]]]>
              </value>
            </param>
          </params>
          <reporter-output>
          </reporter-output>
        </test-method> <!-- closeApp -->
      </class> <!-- scripts.testCase1 -->
    </test> <!-- Default test -->
  </suite> <!-- Default suite -->
</testng-results>
